<?xml version="1.0" encoding="UTF-8"?>
<testng-results ignored="0" total="1" passed="0" failed="1" skipped="0">
  <reporter-output>
  </reporter-output>
  <suite started-at="2023-05-30T13:16:00 IST" name="Default suite" finished-at="2023-05-30T13:16:00 IST" duration-ms="38">
    <groups>
    </groups>
    <test started-at="2023-05-30T13:16:00 IST" name="Default test" finished-at="2023-05-30T13:16:00 IST" duration-ms="38">
      <class name="jiffy_test.JiffyTest">
        <test-method signature="testRun()[pri:0, instance:jiffy_test.JiffyTest@53976f5c]" started-at="2023-05-30T13:16:00 IST" name="testRun" finished-at="2023-05-30T13:16:00 IST" duration-ms="22" status="FAIL">
          <exception class="io.github.cdimascio.dotenv.DotEnvException">
            <message>
              <![CDATA[Could not find /var/www/html/automation_crditfair/automation/jify_api/.env on the classpath]]>
            </message>
            <full-stacktrace>
              <![CDATA[io.github.cdimascio.dotenv.DotEnvException: Could not find /var/www/html/automation_crditfair/automation/jify_api/.env on the classpath
at io.github.cdimascio.dotenv.internal.ClasspathHelper.loadFileFromClasspath(ClassPathHelper.kt:37)
at io.github.cdimascio.dotenv.internal.DotenvReader.read(DotenvReader.kt:36)
at io.github.cdimascio.dotenv.internal.DotenvParser.parse(DotenvParser.kt:26)
at io.github.cdimascio.dotenv.DotenvBuilder.load(Dotenv.kt:124)
at jiffy_config.JiffyConfig.env(JiffyConfig.java:26)
at jiffy_mailreport.JiffyEmail.test(JiffyEmail.java:15)
at jiffy_test.JiffyTest.testRun(JiffyTest.java:33)
at java.base/jdk.internal.reflect.NativeMethodAccessorImpl.invoke0(Native Method)
at java.base/jdk.internal.reflect.NativeMethodAccessorImpl.invoke(NativeMethodAccessorImpl.java:77)
at java.base/jdk.internal.reflect.DelegatingMethodAccessorImpl.invoke(DelegatingMethodAccessorImpl.java:43)
at java.base/java.lang.reflect.Method.invoke(Method.java:568)
at org.testng.internal.MethodInvocationHelper.invokeMethod(MethodInvocationHelper.java:133)
at org.testng.internal.TestInvoker.invokeMethod(TestInvoker.java:598)
at org.testng.internal.TestInvoker.invokeTestMethod(TestInvoker.java:173)
at org.testng.internal.MethodRunner.runInSequence(MethodRunner.java:46)
at org.testng.internal.TestInvoker$MethodInvocationAgent.invoke(TestInvoker.java:824)
at org.testng.internal.TestInvoker.invokeTestMethods(TestInvoker.java:146)
at org.testng.internal.TestMethodWorker.invokeTestMethods(TestMethodWorker.java:146)
at org.testng.internal.TestMethodWorker.run(TestMethodWorker.java:128)
at java.base/java.util.ArrayList.forEach(ArrayList.java:1511)
at org.testng.TestRunner.privateRun(TestRunner.java:794)
at org.testng.TestRunner.run(TestRunner.java:596)
at org.testng.SuiteRunner.runTest(SuiteRunner.java:377)
at org.testng.SuiteRunner.runSequentially(SuiteRunner.java:371)
at org.testng.SuiteRunner.privateRun(SuiteRunner.java:332)
at org.testng.SuiteRunner.run(SuiteRunner.java:276)
at org.testng.SuiteRunnerWorker.runSuite(SuiteRunnerWorker.java:53)
at org.testng.SuiteRunnerWorker.run(SuiteRunnerWorker.java:96)
at org.testng.TestNG.runSuitesSequentially(TestNG.java:1212)
at org.testng.TestNG.runSuitesLocally(TestNG.java:1134)
at org.testng.TestNG.runSuites(TestNG.java:1063)
at org.testng.TestNG.run(TestNG.java:1031)
at org.testng.remote.AbstractRemoteTestNG.run(AbstractRemoteTestNG.java:115)
at org.testng.remote.RemoteTestNG.initAndRun(RemoteTestNG.java:251)
at org.testng.remote.RemoteTestNG.main(RemoteTestNG.java:77)
Suppressed: io.github.cdimascio.dotenv.DotEnvException: Could not find /var/www/html/automation_crditfair/automation/jify_api/.env on the file system 
at io.github.cdimascio.dotenv.internal.DotenvReader.read(DotenvReader.kt:40)
... 33 more
]]>
            </full-stacktrace>
          </exception> <!-- io.github.cdimascio.dotenv.DotEnvException -->
          <reporter-output>
          </reporter-output>
        </test-method> <!-- testRun -->
      </class> <!-- jiffy_test.JiffyTest -->
    </test> <!-- Default test -->
  </suite> <!-- Default suite -->
</testng-results>
